Arguments: 
  /home/annie/.nvm/versions/node/v8.5.0/bin/node /home/annie/.nvm/versions/node/v8.5.0/bin/yarn test

PATH: 
  /home/annie/.nvm/versions/node/v8.5.0/bin:/usr/local/sbin:/usr/local/bin:/usr/sbin:/usr/bin:/sbin:/bin:/usr/games:/usr/local/games:/home/annie/.yarn/bin

Yarn version: 
  1.5.1

Node version: 
  8.5.0

Platform: 
  linux x64

npm manifest: 
  {
    "name": "aniko",
    "version": "1.0.0",
    "description": "redux backend",
    "main": "yes",
    "repository": "git@github.com:AnnieSoos/ohh1-v1.git",
    "author": "aniko",
    "license": "MIT"
  }

yarn manifest: 
  No manifest

Lockfile: 
  No lockfile

Trace: 
  Error: Command "test" not found.
      at new MessageError (/home/annie/.nvm/versions/node/v8.5.0/lib/node_modules/yarn/lib/cli.js:186:110)
      at /home/annie/.nvm/versions/node/v8.5.0/lib/node_modules/yarn/lib/cli.js:87307:17
      at Generator.next (<anonymous>)
      at step (/home/annie/.nvm/versions/node/v8.5.0/lib/node_modules/yarn/lib/cli.js:98:30)
      at /home/annie/.nvm/versions/node/v8.5.0/lib/node_modules/yarn/lib/cli.js:116:14
      at Promise (<anonymous>)
      at F (/home/annie/.nvm/versions/node/v8.5.0/lib/node_modules/yarn/lib/cli.js:23451:28)
      at /home/annie/.nvm/versions/node/v8.5.0/lib/node_modules/yarn/lib/cli.js:95:12
      at runCommand (/home/annie/.nvm/versions/node/v8.5.0/lib/node_modules/yarn/lib/cli.js:87312:22)
      at Object.<anonymous> (/home/annie/.nvm/versions/node/v8.5.0/lib/node_modules/yarn/lib/cli.js:87412:14)
